[debug] [2021-10-09T10:28:35.368Z] ----------------------------------------------------------------------
[debug] [2021-10-09T10:28:35.372Z] Command:       C:\Program Files\nodejs\node.exe C:\Users\Youniss\AppData\Roaming\npm\node_modules\firebase-tools\lib\bin\firebase.js init
[debug] [2021-10-09T10:28:35.373Z] CLI Version:   9.20.0
[debug] [2021-10-09T10:28:35.373Z] Platform:      win32
[debug] [2021-10-09T10:28:35.373Z] Node Version:  v14.17.3
[debug] [2021-10-09T10:28:35.374Z] Time:          Sat Oct 09 2021 12:28:35 GMT+0200 (Central European Summer Time)
[debug] [2021-10-09T10:28:35.375Z] ----------------------------------------------------------------------
[debug] 
[debug] [2021-10-09T10:28:35.456Z] > command requires scopes: ["email","openid","https://www.googleapis.com/auth/cloudplatformprojects.readonly","https://www.googleapis.com/auth/firebase","https://www.googleapis.com/auth/cloud-platform"]
[debug] [2021-10-09T10:28:35.456Z] > authorizing via signed-in user (younisskandah@gmail.com)
[info] 
     ######## #### ########  ######## ########     ###     ######  ########
     ##        ##  ##     ## ##       ##     ##  ##   ##  ##       ##
     ######    ##  ########  ######   ########  #########  ######  ######
     ##        ##  ##    ##  ##       ##     ## ##     ##       ## ##
     ##       #### ##     ## ######## ########  ##     ##  ######  ########

You're about to initialize a Firebase project in this directory:

  C:\Users\Youniss\Documents\GitHub\studynotes

Before we get started, keep in mind:

  * You are initializing within an existing Firebase project directory

